2013-07-08 00:00:42,632  INFO [main] (impl.InputsDigesterImpl:21) -  - disgest file /Users/opensides/git/MowerTest/src/test/resources/mowerInput.txt
2013-07-08 00:00:42,671 DEBUG [main] (impl.InputsDigesterImpl:34) -  - load first line (55): lawnUpperRightCornerX:5/lawnUpperRightCornerY:5
2013-07-08 00:00:42,672 DEBUG [main] (impl.InputsDigesterImpl:39) -  - load a mover  - positionLine:12N/controlsLine:GAGAGAGAA
2013-07-08 00:00:42,675  INFO [main] (impl.InputsDigesterImpl:61) -  - Load a control line: GAGAGAGAA
2013-07-08 00:00:42,677 DEBUG [main] (impl.InputsDigesterImpl:70) -  - OK add control :G
2013-07-08 00:00:42,678 DEBUG [main] (impl.InputsDigesterImpl:70) -  - OK add control :A
2013-07-08 00:00:42,678 DEBUG [main] (impl.InputsDigesterImpl:70) -  - OK add control :G
2013-07-08 00:00:42,679 DEBUG [main] (impl.InputsDigesterImpl:70) -  - OK add control :A
2013-07-08 00:00:42,679 DEBUG [main] (impl.InputsDigesterImpl:70) -  - OK add control :G
2013-07-08 00:00:42,679 DEBUG [main] (impl.InputsDigesterImpl:70) -  - OK add control :A
2013-07-08 00:00:42,680 DEBUG [main] (impl.InputsDigesterImpl:70) -  - OK add control :G
2013-07-08 00:00:42,680 DEBUG [main] (impl.InputsDigesterImpl:70) -  - OK add control :A
2013-07-08 00:00:42,680 DEBUG [main] (impl.InputsDigesterImpl:70) -  - OK add control :A
2013-07-08 00:00:42,681 DEBUG [main] (impl.InputsDigesterImpl:39) -  - load a mover  - positionLine:33E/controlsLine:AADAADADDA
2013-07-08 00:00:42,681  INFO [main] (impl.InputsDigesterImpl:61) -  - Load a control line: AADAADADDA
2013-07-08 00:00:42,682 DEBUG [main] (impl.InputsDigesterImpl:70) -  - OK add control :A
2013-07-08 00:00:42,685 DEBUG [main] (impl.InputsDigesterImpl:70) -  - OK add control :A
2013-07-08 00:00:42,685 DEBUG [main] (impl.InputsDigesterImpl:70) -  - OK add control :D
2013-07-08 00:00:42,686 DEBUG [main] (impl.InputsDigesterImpl:70) -  - OK add control :A
2013-07-08 00:00:42,686 DEBUG [main] (impl.InputsDigesterImpl:70) -  - OK add control :A
2013-07-08 00:00:42,686 DEBUG [main] (impl.InputsDigesterImpl:70) -  - OK add control :D
2013-07-08 00:00:42,687 DEBUG [main] (impl.InputsDigesterImpl:70) -  - OK add control :A
2013-07-08 00:00:42,687 DEBUG [main] (impl.InputsDigesterImpl:70) -  - OK add control :D
2013-07-08 00:00:42,688 DEBUG [main] (impl.InputsDigesterImpl:70) -  - OK add control :D
2013-07-08 00:00:42,688 DEBUG [main] (impl.InputsDigesterImpl:70) -  - OK add control :A
2013-07-08 00:00:42,692  INFO [main] (impl.MowerServiceImpl:18) -  - Start a mower: mower:{ 
"position" : { 
"x" : 1, 
"y" : 2, 
"orientation" : N"
}"
}/lawn:{ 
"xMax" : 5, 
"yMax" : 5"
}
2013-07-08 00:00:42,695  INFO [main] (impl.MowerServiceImpl:35) -  - Move a mower: mower:{ 
"position" : { 
"x" : 1, 
"y" : 2, 
"orientation" : N"
}"
}/lawn:{ 
"xMax" : 5, 
"yMax" : 5"
}/control:G
2013-07-08 00:00:42,695  INFO [main] (impl.MowerServiceImpl:50) -  - Mower has finish its move. New position: { 
"x" : 1, 
"y" : 2, 
"orientation" : W"
}
2013-07-08 00:00:42,696  INFO [main] (impl.MowerServiceImpl:35) -  - Move a mower: mower:{ 
"position" : { 
"x" : 1, 
"y" : 2, 
"orientation" : W"
}"
}/lawn:{ 
"xMax" : 5, 
"yMax" : 5"
}/control:A
2013-07-08 00:00:42,699  INFO [main] (impl.MowerServiceImpl:50) -  - Mower has finish its move. New position: { 
"x" : 0, 
"y" : 2, 
"orientation" : W"
}
2013-07-08 00:00:42,704  INFO [main] (impl.MowerServiceImpl:35) -  - Move a mower: mower:{ 
"position" : { 
"x" : 0, 
"y" : 2, 
"orientation" : W"
}"
}/lawn:{ 
"xMax" : 5, 
"yMax" : 5"
}/control:G
2013-07-08 00:00:42,705  INFO [main] (impl.MowerServiceImpl:50) -  - Mower has finish its move. New position: { 
"x" : 0, 
"y" : 2, 
"orientation" : S"
}
2013-07-08 00:00:42,705  INFO [main] (impl.MowerServiceImpl:35) -  - Move a mower: mower:{ 
"position" : { 
"x" : 0, 
"y" : 2, 
"orientation" : S"
}"
}/lawn:{ 
"xMax" : 5, 
"yMax" : 5"
}/control:A
2013-07-08 00:00:42,706  INFO [main] (impl.MowerServiceImpl:50) -  - Mower has finish its move. New position: { 
"x" : 0, 
"y" : 1, 
"orientation" : S"
}
2013-07-08 00:00:42,707  INFO [main] (impl.MowerServiceImpl:35) -  - Move a mower: mower:{ 
"position" : { 
"x" : 0, 
"y" : 1, 
"orientation" : S"
}"
}/lawn:{ 
"xMax" : 5, 
"yMax" : 5"
}/control:G
2013-07-08 00:00:42,707  INFO [main] (impl.MowerServiceImpl:50) -  - Mower has finish its move. New position: { 
"x" : 0, 
"y" : 1, 
"orientation" : E"
}
2013-07-08 00:00:42,708  INFO [main] (impl.MowerServiceImpl:35) -  - Move a mower: mower:{ 
"position" : { 
"x" : 0, 
"y" : 1, 
"orientation" : E"
}"
}/lawn:{ 
"xMax" : 5, 
"yMax" : 5"
}/control:A
2013-07-08 00:00:42,708  INFO [main] (impl.MowerServiceImpl:50) -  - Mower has finish its move. New position: { 
"x" : 1, 
"y" : 1, 
"orientation" : E"
}
2013-07-08 00:00:42,709  INFO [main] (impl.MowerServiceImpl:35) -  - Move a mower: mower:{ 
"position" : { 
"x" : 1, 
"y" : 1, 
"orientation" : E"
}"
}/lawn:{ 
"xMax" : 5, 
"yMax" : 5"
}/control:G
2013-07-08 00:00:42,709  INFO [main] (impl.MowerServiceImpl:50) -  - Mower has finish its move. New position: { 
"x" : 1, 
"y" : 1, 
"orientation" : N"
}
2013-07-08 00:00:42,710  INFO [main] (impl.MowerServiceImpl:35) -  - Move a mower: mower:{ 
"position" : { 
"x" : 1, 
"y" : 1, 
"orientation" : N"
}"
}/lawn:{ 
"xMax" : 5, 
"yMax" : 5"
}/control:A
2013-07-08 00:00:42,711  INFO [main] (impl.MowerServiceImpl:50) -  - Mower has finish its move. New position: { 
"x" : 1, 
"y" : 2, 
"orientation" : N"
}
2013-07-08 00:00:42,711  INFO [main] (impl.MowerServiceImpl:35) -  - Move a mower: mower:{ 
"position" : { 
"x" : 1, 
"y" : 2, 
"orientation" : N"
}"
}/lawn:{ 
"xMax" : 5, 
"yMax" : 5"
}/control:A
2013-07-08 00:00:42,712  INFO [main] (impl.MowerServiceImpl:50) -  - Mower has finish its move. New position: { 
"x" : 1, 
"y" : 3, 
"orientation" : N"
}
2013-07-08 00:00:42,712  INFO [main] (impl.MowerServiceImpl:22) -  - Mower has finish its course. New position: { 
"x" : 1, 
"y" : 3, 
"orientation" : N"
}
2013-07-08 00:00:42,713  INFO [main] (impl.MowerServiceImpl:18) -  - Start a mower: mower:{ 
"position" : { 
"x" : 3, 
"y" : 3, 
"orientation" : E"
}"
}/lawn:{ 
"xMax" : 5, 
"yMax" : 5"
}
2013-07-08 00:00:42,713  INFO [main] (impl.MowerServiceImpl:35) -  - Move a mower: mower:{ 
"position" : { 
"x" : 3, 
"y" : 3, 
"orientation" : E"
}"
}/lawn:{ 
"xMax" : 5, 
"yMax" : 5"
}/control:A
2013-07-08 00:00:42,714  INFO [main] (impl.MowerServiceImpl:50) -  - Mower has finish its move. New position: { 
"x" : 4, 
"y" : 3, 
"orientation" : E"
}
2013-07-08 00:00:42,714  INFO [main] (impl.MowerServiceImpl:35) -  - Move a mower: mower:{ 
"position" : { 
"x" : 4, 
"y" : 3, 
"orientation" : E"
}"
}/lawn:{ 
"xMax" : 5, 
"yMax" : 5"
}/control:A
2013-07-08 00:00:42,715  INFO [main] (impl.MowerServiceImpl:50) -  - Mower has finish its move. New position: { 
"x" : 5, 
"y" : 3, 
"orientation" : E"
}
2013-07-08 00:00:42,715  INFO [main] (impl.MowerServiceImpl:35) -  - Move a mower: mower:{ 
"position" : { 
"x" : 5, 
"y" : 3, 
"orientation" : E"
}"
}/lawn:{ 
"xMax" : 5, 
"yMax" : 5"
}/control:D
2013-07-08 00:00:42,716  INFO [main] (impl.MowerServiceImpl:50) -  - Mower has finish its move. New position: { 
"x" : 5, 
"y" : 3, 
"orientation" : S"
}
2013-07-08 00:00:42,717  INFO [main] (impl.MowerServiceImpl:35) -  - Move a mower: mower:{ 
"position" : { 
"x" : 5, 
"y" : 3, 
"orientation" : S"
}"
}/lawn:{ 
"xMax" : 5, 
"yMax" : 5"
}/control:A
2013-07-08 00:00:42,717  INFO [main] (impl.MowerServiceImpl:50) -  - Mower has finish its move. New position: { 
"x" : 5, 
"y" : 2, 
"orientation" : S"
}
2013-07-08 00:00:42,718  INFO [main] (impl.MowerServiceImpl:35) -  - Move a mower: mower:{ 
"position" : { 
"x" : 5, 
"y" : 2, 
"orientation" : S"
}"
}/lawn:{ 
"xMax" : 5, 
"yMax" : 5"
}/control:A
2013-07-08 00:00:42,718  INFO [main] (impl.MowerServiceImpl:50) -  - Mower has finish its move. New position: { 
"x" : 5, 
"y" : 1, 
"orientation" : S"
}
2013-07-08 00:00:42,719  INFO [main] (impl.MowerServiceImpl:35) -  - Move a mower: mower:{ 
"position" : { 
"x" : 5, 
"y" : 1, 
"orientation" : S"
}"
}/lawn:{ 
"xMax" : 5, 
"yMax" : 5"
}/control:D
2013-07-08 00:00:42,719  INFO [main] (impl.MowerServiceImpl:50) -  - Mower has finish its move. New position: { 
"x" : 5, 
"y" : 1, 
"orientation" : W"
}
2013-07-08 00:00:42,720  INFO [main] (impl.MowerServiceImpl:35) -  - Move a mower: mower:{ 
"position" : { 
"x" : 5, 
"y" : 1, 
"orientation" : W"
}"
}/lawn:{ 
"xMax" : 5, 
"yMax" : 5"
}/control:A
2013-07-08 00:00:42,728  INFO [main] (impl.MowerServiceImpl:50) -  - Mower has finish its move. New position: { 
"x" : 4, 
"y" : 1, 
"orientation" : W"
}
2013-07-08 00:00:42,729  INFO [main] (impl.MowerServiceImpl:35) -  - Move a mower: mower:{ 
"position" : { 
"x" : 4, 
"y" : 1, 
"orientation" : W"
}"
}/lawn:{ 
"xMax" : 5, 
"yMax" : 5"
}/control:D
2013-07-08 00:00:42,729  INFO [main] (impl.MowerServiceImpl:50) -  - Mower has finish its move. New position: { 
"x" : 4, 
"y" : 1, 
"orientation" : N"
}
2013-07-08 00:00:42,729  INFO [main] (impl.MowerServiceImpl:35) -  - Move a mower: mower:{ 
"position" : { 
"x" : 4, 
"y" : 1, 
"orientation" : N"
}"
}/lawn:{ 
"xMax" : 5, 
"yMax" : 5"
}/control:D
2013-07-08 00:00:42,730  INFO [main] (impl.MowerServiceImpl:50) -  - Mower has finish its move. New position: { 
"x" : 4, 
"y" : 1, 
"orientation" : E"
}
2013-07-08 00:00:42,730  INFO [main] (impl.MowerServiceImpl:35) -  - Move a mower: mower:{ 
"position" : { 
"x" : 4, 
"y" : 1, 
"orientation" : E"
}"
}/lawn:{ 
"xMax" : 5, 
"yMax" : 5"
}/control:A
2013-07-08 00:00:42,731  INFO [main] (impl.MowerServiceImpl:50) -  - Mower has finish its move. New position: { 
"x" : 5, 
"y" : 1, 
"orientation" : E"
}
2013-07-08 00:00:42,731  INFO [main] (impl.MowerServiceImpl:22) -  - Mower has finish its course. New position: { 
"x" : 5, 
"y" : 1, 
"orientation" : E"
}
